<?xml version="1.0" encoding="UTF-8"?>
<testng-results ignored="0" total="0" passed="0" failed="0" skipped="0">
  <reporter-output>
  </reporter-output>
  <suite started-at="2023-02-28T12:50:39 EET" name="TestClasses.TestBase" finished-at="2023-02-28T12:50:39 EET" duration-ms="20">
    <groups>
    </groups>
    <test started-at="2023-02-28T12:50:39 EET" name="Command line test" finished-at="2023-02-28T12:50:39 EET" duration-ms="20">
    </test> <!-- Command line test -->
  </suite> <!-- TestClasses.TestBase -->
</testng-results>
